2020-01-23 13:39:44,152 [Worker-11] INFO  o.e.m.c.i.l.LifecycleMappingFactory - Using org.eclipse.m2e.jdt.JarLifecycleMapping lifecycle mapping for MavenProject: com.lti:SpringBootStudentFinal:0.0.1-SNAPSHOT @ C:\Users\lntinfotech\Desktop\banking project\SpringBootStudentFinal\pom.xml.
2020-01-23 13:39:49,172 [Worker-11] INFO  o.e.m.c.i.embedder.EclipseLogger - Using 'UTF-8' encoding to copy filtered resources.
2020-01-23 13:39:49,173 [Worker-11] INFO  o.e.m.c.i.embedder.EclipseLogger - skip non existing resourceDirectory C:\Users\lntinfotech\Desktop\banking project\SpringBootStudentFinal\src\main\resources
2020-01-23 13:39:50,767 [Worker-3] INFO  o.e.m.c.i.l.LifecycleMappingFactory - Using org.eclipse.m2e.jdt.JarLifecycleMapping lifecycle mapping for MavenProject: com.lti:SpringBootStudentFinal:0.0.1-SNAPSHOT @ C:\Users\lntinfotech\Desktop\banking project\SpringBootStudentFinal\pom.xml.
2020-01-23 13:39:50,770 [Worker-11] INFO  o.e.m.c.i.embedder.EclipseLogger - Using 'UTF-8' encoding to copy filtered resources.
2020-01-23 13:39:50,770 [Worker-11] INFO  o.e.m.c.i.embedder.EclipseLogger - skip non existing resourceDirectory C:\Users\lntinfotech\Desktop\banking project\SpringBootStudentFinal\src\test\resources
2020-01-23 13:39:59,900 [Worker-11] INFO  o.e.m.c.i.embedder.EclipseLogger - Using 'UTF-8' encoding to copy filtered resources.
2020-01-23 13:39:59,900 [Worker-11] INFO  o.e.m.c.i.embedder.EclipseLogger - skip non existing resourceDirectory C:\Users\lntinfotech\Desktop\banking project\SpringBootStudentFinal\src\main\resources
2020-01-23 13:39:59,902 [Worker-11] INFO  o.e.m.c.i.embedder.EclipseLogger - Using 'UTF-8' encoding to copy filtered resources.
2020-01-23 13:39:59,902 [Worker-11] INFO  o.e.m.c.i.embedder.EclipseLogger - skip non existing resourceDirectory C:\Users\lntinfotech\Desktop\banking project\SpringBootStudentFinal\src\test\resources
2020-01-23 13:40:35,200 [Worker-17] INFO  o.e.m.c.i.l.LifecycleMappingFactory - Using org.eclipse.m2e.jdt.JarLifecycleMapping lifecycle mapping for MavenProject: com.lti:SpringBootStudentFinal:0.0.1-SNAPSHOT @ C:\Users\lntinfotech\Desktop\banking project\RegisterAndLogin\pom.xml.
2020-01-23 13:40:37,534 [Worker-17] INFO  o.e.m.c.i.embedder.EclipseLogger - Using 'UTF-8' encoding to copy filtered resources.
2020-01-23 13:40:37,534 [Worker-17] INFO  o.e.m.c.i.embedder.EclipseLogger - skip non existing resourceDirectory C:\Users\lntinfotech\Desktop\banking project\RegisterAndLogin\src\main\resources
2020-01-23 13:40:37,535 [Worker-17] INFO  o.e.m.c.i.embedder.EclipseLogger - Using 'UTF-8' encoding to copy filtered resources.
2020-01-23 13:40:37,536 [Worker-17] INFO  o.e.m.c.i.embedder.EclipseLogger - skip non existing resourceDirectory C:\Users\lntinfotech\Desktop\banking project\RegisterAndLogin\src\test\resources
2020-01-23 13:40:39,887 [Worker-12] INFO  o.e.m.c.i.embedder.EclipseLogger - Using 'UTF-8' encoding to copy filtered resources.
2020-01-23 13:40:39,887 [Worker-12] INFO  o.e.m.c.i.embedder.EclipseLogger - skip non existing resourceDirectory C:\Users\lntinfotech\Desktop\banking project\RegisterAndLogin\src\main\resources
2020-01-23 13:40:39,888 [Worker-12] INFO  o.e.m.c.i.embedder.EclipseLogger - Using 'UTF-8' encoding to copy filtered resources.
2020-01-23 13:40:39,888 [Worker-12] INFO  o.e.m.c.i.embedder.EclipseLogger - skip non existing resourceDirectory C:\Users\lntinfotech\Desktop\banking project\RegisterAndLogin\src\test\resources
2020-01-23 13:44:25,093 [Worker-15] INFO  o.e.m.c.i.embedder.EclipseLogger - Using 'UTF-8' encoding to copy filtered resources.
2020-01-23 13:44:25,093 [Worker-15] INFO  o.e.m.c.i.embedder.EclipseLogger - skip non existing resourceDirectory C:\Users\lntinfotech\Desktop\banking project\RegisterAndLogin\src\main\resources
2020-01-23 13:44:25,095 [Worker-15] INFO  o.e.m.c.i.embedder.EclipseLogger - Using 'UTF-8' encoding to copy filtered resources.
2020-01-23 13:44:25,095 [Worker-15] INFO  o.e.m.c.i.embedder.EclipseLogger - skip non existing resourceDirectory C:\Users\lntinfotech\Desktop\banking project\RegisterAndLogin\src\test\resources
2020-01-23 13:44:27,755 [Worker-0] INFO  o.e.m.c.i.embedder.EclipseLogger - Using 'UTF-8' encoding to copy filtered resources.
2020-01-23 13:44:27,755 [Worker-0] INFO  o.e.m.c.i.embedder.EclipseLogger - skip non existing resourceDirectory C:\Users\lntinfotech\Desktop\banking project\RegisterAndLogin\src\main\resources
2020-01-23 13:44:27,757 [Worker-0] INFO  o.e.m.c.i.embedder.EclipseLogger - Using 'UTF-8' encoding to copy filtered resources.
2020-01-23 13:44:27,757 [Worker-0] INFO  o.e.m.c.i.embedder.EclipseLogger - skip non existing resourceDirectory C:\Users\lntinfotech\Desktop\banking project\RegisterAndLogin\src\test\resources
2020-01-23 13:44:38,392 [Worker-3] INFO  o.e.m.c.i.embedder.EclipseLogger - Using 'UTF-8' encoding to copy filtered resources.
2020-01-23 13:44:38,392 [Worker-3] INFO  o.e.m.c.i.embedder.EclipseLogger - skip non existing resourceDirectory C:\Users\lntinfotech\Desktop\banking project\RegisterAndLogin\src\main\resources
2020-01-23 13:44:38,394 [Worker-3] INFO  o.e.m.c.i.embedder.EclipseLogger - Using 'UTF-8' encoding to copy filtered resources.
2020-01-23 13:44:38,394 [Worker-3] INFO  o.e.m.c.i.embedder.EclipseLogger - skip non existing resourceDirectory C:\Users\lntinfotech\Desktop\banking project\RegisterAndLogin\src\test\resources
2020-01-23 13:44:47,233 [Worker-3] INFO  o.e.m.c.i.embedder.EclipseLogger - Using 'UTF-8' encoding to copy filtered resources.
2020-01-23 13:44:47,233 [Worker-3] INFO  o.e.m.c.i.embedder.EclipseLogger - skip non existing resourceDirectory C:\Users\lntinfotech\Desktop\banking project\RegisterAndLogin\src\main\resources
2020-01-23 13:44:47,236 [Worker-3] INFO  o.e.m.c.i.embedder.EclipseLogger - Using 'UTF-8' encoding to copy filtered resources.
2020-01-23 13:44:47,236 [Worker-3] INFO  o.e.m.c.i.embedder.EclipseLogger - skip non existing resourceDirectory C:\Users\lntinfotech\Desktop\banking project\RegisterAndLogin\src\test\resources
2020-01-23 13:44:52,708 [Worker-20] INFO  o.e.m.c.i.embedder.EclipseLogger - Using 'UTF-8' encoding to copy filtered resources.
2020-01-23 13:44:52,708 [Worker-20] INFO  o.e.m.c.i.embedder.EclipseLogger - skip non existing resourceDirectory C:\Users\lntinfotech\Desktop\banking project\RegisterAndLogin\src\main\resources
2020-01-23 13:44:52,709 [Worker-20] INFO  o.e.m.c.i.embedder.EclipseLogger - Using 'UTF-8' encoding to copy filtered resources.
2020-01-23 13:44:52,709 [Worker-20] INFO  o.e.m.c.i.embedder.EclipseLogger - skip non existing resourceDirectory C:\Users\lntinfotech\Desktop\banking project\RegisterAndLogin\src\test\resources
2020-01-23 13:45:07,413 [Worker-2] INFO  o.e.m.c.i.embedder.EclipseLogger - Using 'UTF-8' encoding to copy filtered resources.
2020-01-23 13:45:07,413 [Worker-2] INFO  o.e.m.c.i.embedder.EclipseLogger - skip non existing resourceDirectory C:\Users\lntinfotech\Desktop\banking project\RegisterAndLogin\src\main\resources
2020-01-23 13:45:07,414 [Worker-2] INFO  o.e.m.c.i.embedder.EclipseLogger - Using 'UTF-8' encoding to copy filtered resources.
2020-01-23 13:45:07,414 [Worker-2] INFO  o.e.m.c.i.embedder.EclipseLogger - skip non existing resourceDirectory C:\Users\lntinfotech\Desktop\banking project\RegisterAndLogin\src\test\resources
2020-01-23 13:45:39,646 [Worker-20] INFO  o.e.m.c.i.l.LifecycleMappingFactory - Using org.eclipse.m2e.jdt.JarLifecycleMapping lifecycle mapping for MavenProject: com.lti:RegisterAndLogin:0.0.1-SNAPSHOT @ C:\Users\lntinfotech\Desktop\banking project\RegisterAndLogin\pom.xml.
2020-01-23 13:45:41,810 [Worker-20] INFO  o.e.m.c.i.embedder.EclipseLogger - Using 'UTF-8' encoding to copy filtered resources.
2020-01-23 13:45:41,811 [Worker-20] INFO  o.e.m.c.i.embedder.EclipseLogger - skip non existing resourceDirectory C:\Users\lntinfotech\Desktop\banking project\RegisterAndLogin\src\main\resources
2020-01-23 13:45:41,812 [Worker-20] INFO  o.e.m.c.i.embedder.EclipseLogger - Using 'UTF-8' encoding to copy filtered resources.
2020-01-23 13:45:41,812 [Worker-20] INFO  o.e.m.c.i.embedder.EclipseLogger - skip non existing resourceDirectory C:\Users\lntinfotech\Desktop\banking project\RegisterAndLogin\src\test\resources
2020-01-23 13:45:50,001 [Worker-7] INFO  o.e.m.c.i.l.LifecycleMappingFactory - Using org.eclipse.m2e.jdt.JarLifecycleMapping lifecycle mapping for MavenProject: com.lti:RegisterAndLogin:0.0.1-SNAPSHOT @ C:\Users\lntinfotech\Desktop\banking project\RegisterAndLogin\pom.xml.
2020-01-23 13:45:51,927 [Worker-7] INFO  o.e.m.c.i.embedder.EclipseLogger - Using 'UTF-8' encoding to copy filtered resources.
2020-01-23 13:45:51,927 [Worker-7] INFO  o.e.m.c.i.embedder.EclipseLogger - skip non existing resourceDirectory C:\Users\lntinfotech\Desktop\banking project\RegisterAndLogin\src\main\resources
2020-01-23 13:45:51,928 [Worker-7] INFO  o.e.m.c.i.embedder.EclipseLogger - Using 'UTF-8' encoding to copy filtered resources.
2020-01-23 13:45:51,928 [Worker-7] INFO  o.e.m.c.i.embedder.EclipseLogger - skip non existing resourceDirectory C:\Users\lntinfotech\Desktop\banking project\RegisterAndLogin\src\test\resources
2020-01-23 16:51:20,632 [Worker-15] INFO  o.e.m.c.i.embedder.EclipseLogger - Using 'UTF-8' encoding to copy filtered resources.
2020-01-23 16:51:20,632 [Worker-15] INFO  o.e.m.c.i.embedder.EclipseLogger - skip non existing resourceDirectory C:\Users\lntinfotech\Desktop\banking project\RegisterAndLogin\src\main\resources
2020-01-23 16:51:20,632 [Worker-15] INFO  o.e.m.c.i.embedder.EclipseLogger - Using 'UTF-8' encoding to copy filtered resources.
2020-01-23 16:51:20,632 [Worker-15] INFO  o.e.m.c.i.embedder.EclipseLogger - skip non existing resourceDirectory C:\Users\lntinfotech\Desktop\banking project\RegisterAndLogin\src\test\resources
2020-01-23 16:51:43,303 [Worker-18] INFO  o.e.m.c.i.embedder.EclipseLogger - Using 'UTF-8' encoding to copy filtered resources.
2020-01-23 16:51:43,303 [Worker-18] INFO  o.e.m.c.i.embedder.EclipseLogger - skip non existing resourceDirectory C:\Users\lntinfotech\Desktop\banking project\RegisterAndLogin\src\main\resources
2020-01-23 16:51:43,303 [Worker-18] INFO  o.e.m.c.i.embedder.EclipseLogger - Using 'UTF-8' encoding to copy filtered resources.
2020-01-23 16:51:43,303 [Worker-18] INFO  o.e.m.c.i.embedder.EclipseLogger - skip non existing resourceDirectory C:\Users\lntinfotech\Desktop\banking project\RegisterAndLogin\src\test\resources
2020-01-23 16:55:11,822 [Worker-19] WARN  o.e.r.models.ModelRepository - Failed to download org.eclipse.recommenders:index::zip:0.0.0
org.eclipse.aether.resolution.ArtifactResolutionException: Could not find artifact org.eclipse.recommenders:index:zip:0.0.0-SNAPSHOT in models (http://download.eclipse.org/recommenders/models/neon/)
	at org.eclipse.aether.internal.impl.DefaultArtifactResolver.resolve(DefaultArtifactResolver.java:444) ~[na:na]
	at org.eclipse.aether.internal.impl.DefaultArtifactResolver.resolveArtifacts(DefaultArtifactResolver.java:246) ~[na:na]
	at org.eclipse.aether.internal.impl.DefaultArtifactResolver.resolveArtifact(DefaultArtifactResolver.java:223) ~[na:na]
	at org.eclipse.aether.internal.impl.DefaultRepositorySystem.resolveArtifact(DefaultRepositorySystem.java:294) ~[na:na]
	at org.eclipse.recommenders.models.ModelRepository.resolveInternal(ModelRepository.java:193) [org.eclipse.recommenders.models_2.4.6.v20170307-1041.jar:na]
	at org.eclipse.recommenders.models.ModelRepository.resolve(ModelRepository.java:172) [org.eclipse.recommenders.models_2.4.6.v20170307-1041.jar:na]
	at org.eclipse.recommenders.internal.models.rcp.EclipseModelRepository.resolve(EclipseModelRepository.java:169) [org.eclipse.recommenders.models.rcp_2.4.6.v20170307-1041.jar:na]
	at org.eclipse.recommenders.internal.models.rcp.DownloadModelArchiveJob.run(DownloadModelArchiveJob.java:76) [org.eclipse.recommenders.models.rcp_2.4.6.v20170307-1041.jar:na]
	at org.eclipse.core.internal.jobs.Worker.run(Worker.java:55) [org.eclipse.core.jobs_3.8.0.v20160509-0411.jar:na]
Caused by: org.eclipse.aether.transfer.ArtifactNotFoundException: Could not find artifact org.eclipse.recommenders:index:zip:0.0.0-SNAPSHOT in models (http://download.eclipse.org/recommenders/models/neon/)
	at org.eclipse.aether.connector.basic.ArtifactTransportListener.transferFailed(ArtifactTransportListener.java:39) ~[org.eclipse.aether.connector.basic_1.0.1.v20141111.jar:na]
	at org.eclipse.aether.connector.basic.BasicRepositoryConnector$TaskRunner.run(BasicRepositoryConnector.java:355) ~[org.eclipse.aether.connector.basic_1.0.1.v20141111.jar:na]
	at org.eclipse.aether.util.concurrency.RunnableErrorForwarder$1.run(RunnableErrorForwarder.java:67) ~[na:na]
	at org.eclipse.aether.connector.basic.BasicRepositoryConnector$DirectExecutor.execute(BasicRepositoryConnector.java:581) ~[org.eclipse.aether.connector.basic_1.0.1.v20141111.jar:na]
	at org.eclipse.aether.connector.basic.BasicRepositoryConnector.get(BasicRepositoryConnector.java:249) ~[org.eclipse.aether.connector.basic_1.0.1.v20141111.jar:na]
	at org.eclipse.aether.internal.impl.DefaultArtifactResolver.performDownloads(DefaultArtifactResolver.java:520) ~[na:na]
	at org.eclipse.aether.internal.impl.DefaultArtifactResolver.resolve(DefaultArtifactResolver.java:421) ~[na:na]
	... 8 common frames omitted
2020-01-23 16:59:07,202 [Worker-14] INFO  o.e.m.c.i.embedder.EclipseLogger - Using 'UTF-8' encoding to copy filtered resources.
2020-01-23 16:59:07,202 [Worker-14] INFO  o.e.m.c.i.embedder.EclipseLogger - skip non existing resourceDirectory C:\Users\lntinfotech\Desktop\banking project\RegisterAndLogin\src\main\resources
2020-01-23 16:59:07,202 [Worker-14] INFO  o.e.m.c.i.embedder.EclipseLogger - Using 'UTF-8' encoding to copy filtered resources.
2020-01-23 16:59:07,202 [Worker-14] INFO  o.e.m.c.i.embedder.EclipseLogger - skip non existing resourceDirectory C:\Users\lntinfotech\Desktop\banking project\RegisterAndLogin\src\test\resources
2020-01-23 17:01:31,946 [Worker-25] INFO  o.e.m.c.i.embedder.EclipseLogger - Using 'UTF-8' encoding to copy filtered resources.
2020-01-23 17:01:31,946 [Worker-25] INFO  o.e.m.c.i.embedder.EclipseLogger - skip non existing resourceDirectory C:\Users\lntinfotech\Desktop\banking project\RegisterAndLogin\src\main\resources
2020-01-23 17:01:31,946 [Worker-25] INFO  o.e.m.c.i.embedder.EclipseLogger - Using 'UTF-8' encoding to copy filtered resources.
2020-01-23 17:01:31,946 [Worker-25] INFO  o.e.m.c.i.embedder.EclipseLogger - skip non existing resourceDirectory C:\Users\lntinfotech\Desktop\banking project\RegisterAndLogin\src\test\resources
2020-01-23 17:02:13,288 [Worker-24] INFO  o.e.m.c.i.embedder.EclipseLogger - Using 'UTF-8' encoding to copy filtered resources.
2020-01-23 17:02:13,288 [Worker-24] INFO  o.e.m.c.i.embedder.EclipseLogger - skip non existing resourceDirectory C:\Users\lntinfotech\Desktop\banking project\RegisterAndLogin\src\main\resources
2020-01-23 17:02:13,288 [Worker-24] INFO  o.e.m.c.i.embedder.EclipseLogger - Using 'UTF-8' encoding to copy filtered resources.
2020-01-23 17:02:13,288 [Worker-24] INFO  o.e.m.c.i.embedder.EclipseLogger - skip non existing resourceDirectory C:\Users\lntinfotech\Desktop\banking project\RegisterAndLogin\src\test\resources
2020-01-23 17:02:24,538 [Worker-19] INFO  o.e.m.c.i.embedder.EclipseLogger - Using 'UTF-8' encoding to copy filtered resources.
2020-01-23 17:02:24,538 [Worker-19] INFO  o.e.m.c.i.embedder.EclipseLogger - skip non existing resourceDirectory C:\Users\lntinfotech\Desktop\banking project\RegisterAndLogin\src\main\resources
2020-01-23 17:02:24,538 [Worker-19] INFO  o.e.m.c.i.embedder.EclipseLogger - Using 'UTF-8' encoding to copy filtered resources.
2020-01-23 17:02:24,538 [Worker-19] INFO  o.e.m.c.i.embedder.EclipseLogger - skip non existing resourceDirectory C:\Users\lntinfotech\Desktop\banking project\RegisterAndLogin\src\test\resources
2020-01-23 17:02:46,740 [Worker-22] INFO  o.e.m.c.i.embedder.EclipseLogger - Using 'UTF-8' encoding to copy filtered resources.
2020-01-23 17:02:46,740 [Worker-22] INFO  o.e.m.c.i.embedder.EclipseLogger - skip non existing resourceDirectory C:\Users\lntinfotech\Desktop\banking project\RegisterAndLogin\src\main\resources
2020-01-23 17:02:46,740 [Worker-22] INFO  o.e.m.c.i.embedder.EclipseLogger - Using 'UTF-8' encoding to copy filtered resources.
2020-01-23 17:02:46,740 [Worker-22] INFO  o.e.m.c.i.embedder.EclipseLogger - skip non existing resourceDirectory C:\Users\lntinfotech\Desktop\banking project\RegisterAndLogin\src\test\resources
2020-01-23 17:04:50,708 [Worker-14] INFO  o.e.m.c.i.embedder.EclipseLogger - Using 'UTF-8' encoding to copy filtered resources.
2020-01-23 17:04:50,708 [Worker-14] INFO  o.e.m.c.i.embedder.EclipseLogger - skip non existing resourceDirectory C:\Users\lntinfotech\Desktop\banking project\RegisterAndLogin\src\main\resources
2020-01-23 17:04:50,708 [Worker-14] INFO  o.e.m.c.i.embedder.EclipseLogger - Using 'UTF-8' encoding to copy filtered resources.
2020-01-23 17:04:50,708 [Worker-14] INFO  o.e.m.c.i.embedder.EclipseLogger - skip non existing resourceDirectory C:\Users\lntinfotech\Desktop\banking project\RegisterAndLogin\src\test\resources
2020-01-23 17:05:39,691 [Worker-22] INFO  o.e.m.c.i.embedder.EclipseLogger - Using 'UTF-8' encoding to copy filtered resources.
2020-01-23 17:05:39,691 [Worker-22] INFO  o.e.m.c.i.embedder.EclipseLogger - skip non existing resourceDirectory C:\Users\lntinfotech\Desktop\banking project\RegisterAndLogin\src\main\resources
2020-01-23 17:05:39,691 [Worker-22] INFO  o.e.m.c.i.embedder.EclipseLogger - Using 'UTF-8' encoding to copy filtered resources.
2020-01-23 17:05:39,691 [Worker-22] INFO  o.e.m.c.i.embedder.EclipseLogger - skip non existing resourceDirectory C:\Users\lntinfotech\Desktop\banking project\RegisterAndLogin\src\test\resources
2020-01-23 17:05:45,957 [Worker-25] INFO  o.e.m.c.i.embedder.EclipseLogger - Using 'UTF-8' encoding to copy filtered resources.
2020-01-23 17:05:45,957 [Worker-25] INFO  o.e.m.c.i.embedder.EclipseLogger - skip non existing resourceDirectory C:\Users\lntinfotech\Desktop\banking project\RegisterAndLogin\src\main\resources
2020-01-23 17:05:45,957 [Worker-25] INFO  o.e.m.c.i.embedder.EclipseLogger - Using 'UTF-8' encoding to copy filtered resources.
2020-01-23 17:05:45,957 [Worker-25] INFO  o.e.m.c.i.embedder.EclipseLogger - skip non existing resourceDirectory C:\Users\lntinfotech\Desktop\banking project\RegisterAndLogin\src\test\resources
2020-01-23 17:06:04,206 [Worker-14] INFO  o.e.m.c.i.embedder.EclipseLogger - Using 'UTF-8' encoding to copy filtered resources.
2020-01-23 17:06:04,206 [Worker-14] INFO  o.e.m.c.i.embedder.EclipseLogger - skip non existing resourceDirectory C:\Users\lntinfotech\Desktop\banking project\RegisterAndLogin\src\main\resources
2020-01-23 17:06:04,206 [Worker-14] INFO  o.e.m.c.i.embedder.EclipseLogger - Using 'UTF-8' encoding to copy filtered resources.
2020-01-23 17:06:04,206 [Worker-14] INFO  o.e.m.c.i.embedder.EclipseLogger - skip non existing resourceDirectory C:\Users\lntinfotech\Desktop\banking project\RegisterAndLogin\src\test\resources
2020-01-23 17:06:56,116 [Worker-19] INFO  o.e.m.c.i.embedder.EclipseLogger - Using 'UTF-8' encoding to copy filtered resources.
2020-01-23 17:06:56,116 [Worker-19] INFO  o.e.m.c.i.embedder.EclipseLogger - skip non existing resourceDirectory C:\Users\lntinfotech\Desktop\banking project\RegisterAndLogin\src\main\resources
2020-01-23 17:06:56,116 [Worker-19] INFO  o.e.m.c.i.embedder.EclipseLogger - Using 'UTF-8' encoding to copy filtered resources.
2020-01-23 17:06:56,116 [Worker-19] INFO  o.e.m.c.i.embedder.EclipseLogger - skip non existing resourceDirectory C:\Users\lntinfotech\Desktop\banking project\RegisterAndLogin\src\test\resources
2020-01-23 17:11:03,309 [Worker-27] INFO  o.e.m.c.i.embedder.EclipseLogger - Using 'UTF-8' encoding to copy filtered resources.
2020-01-23 17:11:03,309 [Worker-27] INFO  o.e.m.c.i.embedder.EclipseLogger - skip non existing resourceDirectory C:\Users\lntinfotech\Desktop\banking project\RegisterAndLogin\src\main\resources
2020-01-23 17:11:03,309 [Worker-27] INFO  o.e.m.c.i.embedder.EclipseLogger - Using 'UTF-8' encoding to copy filtered resources.
2020-01-23 17:11:03,309 [Worker-27] INFO  o.e.m.c.i.embedder.EclipseLogger - skip non existing resourceDirectory C:\Users\lntinfotech\Desktop\banking project\RegisterAndLogin\src\test\resources
2020-01-23 17:11:36,946 [Worker-24] INFO  o.e.m.c.i.embedder.EclipseLogger - Using 'UTF-8' encoding to copy filtered resources.
2020-01-23 17:11:36,946 [Worker-24] INFO  o.e.m.c.i.embedder.EclipseLogger - skip non existing resourceDirectory C:\Users\lntinfotech\Desktop\banking project\RegisterAndLogin\src\main\resources
2020-01-23 17:11:36,946 [Worker-24] INFO  o.e.m.c.i.embedder.EclipseLogger - Using 'UTF-8' encoding to copy filtered resources.
2020-01-23 17:11:36,946 [Worker-24] INFO  o.e.m.c.i.embedder.EclipseLogger - skip non existing resourceDirectory C:\Users\lntinfotech\Desktop\banking project\RegisterAndLogin\src\test\resources
2020-01-23 17:14:22,906 [Worker-21] INFO  o.e.m.c.i.embedder.EclipseLogger - Using 'UTF-8' encoding to copy filtered resources.
2020-01-23 17:14:22,906 [Worker-21] INFO  o.e.m.c.i.embedder.EclipseLogger - skip non existing resourceDirectory C:\Users\lntinfotech\Desktop\banking project\RegisterAndLogin\src\main\resources
2020-01-23 17:14:22,906 [Worker-21] INFO  o.e.m.c.i.embedder.EclipseLogger - Using 'UTF-8' encoding to copy filtered resources.
2020-01-23 17:14:22,906 [Worker-21] INFO  o.e.m.c.i.embedder.EclipseLogger - skip non existing resourceDirectory C:\Users\lntinfotech\Desktop\banking project\RegisterAndLogin\src\test\resources
2020-01-23 17:14:59,795 [Worker-29] INFO  o.e.m.c.i.embedder.EclipseLogger - Using 'UTF-8' encoding to copy filtered resources.
2020-01-23 17:14:59,795 [Worker-29] INFO  o.e.m.c.i.embedder.EclipseLogger - skip non existing resourceDirectory C:\Users\lntinfotech\Desktop\banking project\RegisterAndLogin\src\main\resources
2020-01-23 17:14:59,795 [Worker-29] INFO  o.e.m.c.i.embedder.EclipseLogger - Using 'UTF-8' encoding to copy filtered resources.
2020-01-23 17:14:59,795 [Worker-29] INFO  o.e.m.c.i.embedder.EclipseLogger - skip non existing resourceDirectory C:\Users\lntinfotech\Desktop\banking project\RegisterAndLogin\src\test\resources
2020-01-23 17:47:07,149 [Worker-31] INFO  o.e.m.c.i.embedder.EclipseLogger - Using 'UTF-8' encoding to copy filtered resources.
2020-01-23 17:47:07,149 [Worker-31] INFO  o.e.m.c.i.embedder.EclipseLogger - skip non existing resourceDirectory C:\Users\lntinfotech\Desktop\banking project\RegisterAndLogin\src\main\resources
2020-01-23 17:47:07,149 [Worker-31] INFO  o.e.m.c.i.embedder.EclipseLogger - Using 'UTF-8' encoding to copy filtered resources.
2020-01-23 17:47:07,149 [Worker-31] INFO  o.e.m.c.i.embedder.EclipseLogger - skip non existing resourceDirectory C:\Users\lntinfotech\Desktop\banking project\RegisterAndLogin\src\test\resources
2020-01-23 17:47:21,190 [Worker-24] INFO  o.e.m.c.i.embedder.EclipseLogger - Using 'UTF-8' encoding to copy filtered resources.
2020-01-23 17:47:21,190 [Worker-24] INFO  o.e.m.c.i.embedder.EclipseLogger - skip non existing resourceDirectory C:\Users\lntinfotech\Desktop\banking project\RegisterAndLogin\src\main\resources
2020-01-23 17:47:21,190 [Worker-24] INFO  o.e.m.c.i.embedder.EclipseLogger - Using 'UTF-8' encoding to copy filtered resources.
2020-01-23 17:47:21,190 [Worker-24] INFO  o.e.m.c.i.embedder.EclipseLogger - skip non existing resourceDirectory C:\Users\lntinfotech\Desktop\banking project\RegisterAndLogin\src\test\resources
2020-01-23 17:47:41,949 [Worker-35] INFO  o.e.m.c.i.embedder.EclipseLogger - Using 'UTF-8' encoding to copy filtered resources.
2020-01-23 17:47:41,949 [Worker-35] INFO  o.e.m.c.i.embedder.EclipseLogger - skip non existing resourceDirectory C:\Users\lntinfotech\Desktop\banking project\RegisterAndLogin\src\main\resources
2020-01-23 17:47:41,949 [Worker-35] INFO  o.e.m.c.i.embedder.EclipseLogger - Using 'UTF-8' encoding to copy filtered resources.
2020-01-23 17:47:41,949 [Worker-35] INFO  o.e.m.c.i.embedder.EclipseLogger - skip non existing resourceDirectory C:\Users\lntinfotech\Desktop\banking project\RegisterAndLogin\src\test\resources
2020-01-23 17:48:00,077 [Worker-31] INFO  o.e.m.c.i.embedder.EclipseLogger - Using 'UTF-8' encoding to copy filtered resources.
2020-01-23 17:48:00,077 [Worker-31] INFO  o.e.m.c.i.embedder.EclipseLogger - skip non existing resourceDirectory C:\Users\lntinfotech\Desktop\banking project\RegisterAndLogin\src\main\resources
2020-01-23 17:48:00,077 [Worker-31] INFO  o.e.m.c.i.embedder.EclipseLogger - Using 'UTF-8' encoding to copy filtered resources.
2020-01-23 17:48:00,077 [Worker-31] INFO  o.e.m.c.i.embedder.EclipseLogger - skip non existing resourceDirectory C:\Users\lntinfotech\Desktop\banking project\RegisterAndLogin\src\test\resources
2020-01-23 17:48:50,277 [Worker-20] INFO  o.e.m.c.i.embedder.EclipseLogger - Using 'UTF-8' encoding to copy filtered resources.
2020-01-23 17:48:50,277 [Worker-20] INFO  o.e.m.c.i.embedder.EclipseLogger - skip non existing resourceDirectory C:\Users\lntinfotech\Desktop\banking project\RegisterAndLogin\src\main\resources
2020-01-23 17:48:50,277 [Worker-20] INFO  o.e.m.c.i.embedder.EclipseLogger - Using 'UTF-8' encoding to copy filtered resources.
2020-01-23 17:48:50,277 [Worker-20] INFO  o.e.m.c.i.embedder.EclipseLogger - skip non existing resourceDirectory C:\Users\lntinfotech\Desktop\banking project\RegisterAndLogin\src\test\resources
2020-01-23 17:49:02,862 [Worker-33] INFO  o.e.m.c.i.embedder.EclipseLogger - Using 'UTF-8' encoding to copy filtered resources.
2020-01-23 17:49:02,862 [Worker-33] INFO  o.e.m.c.i.embedder.EclipseLogger - skip non existing resourceDirectory C:\Users\lntinfotech\Desktop\banking project\RegisterAndLogin\src\main\resources
2020-01-23 17:49:02,862 [Worker-33] INFO  o.e.m.c.i.embedder.EclipseLogger - Using 'UTF-8' encoding to copy filtered resources.
2020-01-23 17:49:02,862 [Worker-33] INFO  o.e.m.c.i.embedder.EclipseLogger - skip non existing resourceDirectory C:\Users\lntinfotech\Desktop\banking project\RegisterAndLogin\src\test\resources
2020-01-23 17:51:15,538 [Worker-32] INFO  o.e.m.c.i.embedder.EclipseLogger - Using 'UTF-8' encoding to copy filtered resources.
2020-01-23 17:51:15,538 [Worker-32] INFO  o.e.m.c.i.embedder.EclipseLogger - skip non existing resourceDirectory C:\Users\lntinfotech\Desktop\banking project\RegisterAndLogin\src\main\resources
2020-01-23 17:51:15,538 [Worker-32] INFO  o.e.m.c.i.embedder.EclipseLogger - Using 'UTF-8' encoding to copy filtered resources.
2020-01-23 17:51:15,538 [Worker-32] INFO  o.e.m.c.i.embedder.EclipseLogger - skip non existing resourceDirectory C:\Users\lntinfotech\Desktop\banking project\RegisterAndLogin\src\test\resources
2020-01-23 17:52:09,279 [Worker-33] INFO  o.e.m.c.i.embedder.EclipseLogger - Using 'UTF-8' encoding to copy filtered resources.
2020-01-23 17:52:09,279 [Worker-33] INFO  o.e.m.c.i.embedder.EclipseLogger - skip non existing resourceDirectory C:\Users\lntinfotech\Desktop\banking project\RegisterAndLogin\src\main\resources
2020-01-23 17:52:09,280 [Worker-33] INFO  o.e.m.c.i.embedder.EclipseLogger - Using 'UTF-8' encoding to copy filtered resources.
2020-01-23 17:52:09,280 [Worker-33] INFO  o.e.m.c.i.embedder.EclipseLogger - skip non existing resourceDirectory C:\Users\lntinfotech\Desktop\banking project\RegisterAndLogin\src\test\resources
2020-01-23 17:52:24,600 [Worker-35] INFO  o.e.m.c.i.embedder.EclipseLogger - Using 'UTF-8' encoding to copy filtered resources.
2020-01-23 17:52:24,600 [Worker-35] INFO  o.e.m.c.i.embedder.EclipseLogger - skip non existing resourceDirectory C:\Users\lntinfotech\Desktop\banking project\RegisterAndLogin\src\main\resources
2020-01-23 17:52:24,600 [Worker-35] INFO  o.e.m.c.i.embedder.EclipseLogger - Using 'UTF-8' encoding to copy filtered resources.
2020-01-23 17:52:24,600 [Worker-35] INFO  o.e.m.c.i.embedder.EclipseLogger - skip non existing resourceDirectory C:\Users\lntinfotech\Desktop\banking project\RegisterAndLogin\src\test\resources
2020-01-23 17:52:50,224 [Worker-34] INFO  o.e.m.c.i.embedder.EclipseLogger - Using 'UTF-8' encoding to copy filtered resources.
2020-01-23 17:52:50,224 [Worker-34] INFO  o.e.m.c.i.embedder.EclipseLogger - skip non existing resourceDirectory C:\Users\lntinfotech\Desktop\banking project\RegisterAndLogin\src\main\resources
2020-01-23 17:52:50,224 [Worker-34] INFO  o.e.m.c.i.embedder.EclipseLogger - Using 'UTF-8' encoding to copy filtered resources.
2020-01-23 17:52:50,224 [Worker-34] INFO  o.e.m.c.i.embedder.EclipseLogger - skip non existing resourceDirectory C:\Users\lntinfotech\Desktop\banking project\RegisterAndLogin\src\test\resources
2020-01-23 17:53:01,734 [Worker-35] INFO  o.e.m.c.i.embedder.EclipseLogger - Using 'UTF-8' encoding to copy filtered resources.
2020-01-23 17:53:01,734 [Worker-35] INFO  o.e.m.c.i.embedder.EclipseLogger - skip non existing resourceDirectory C:\Users\lntinfotech\Desktop\banking project\RegisterAndLogin\src\main\resources
2020-01-23 17:53:01,734 [Worker-35] INFO  o.e.m.c.i.embedder.EclipseLogger - Using 'UTF-8' encoding to copy filtered resources.
2020-01-23 17:53:01,734 [Worker-35] INFO  o.e.m.c.i.embedder.EclipseLogger - skip non existing resourceDirectory C:\Users\lntinfotech\Desktop\banking project\RegisterAndLogin\src\test\resources
2020-01-23 17:54:06,430 [Worker-33] INFO  o.e.m.c.i.embedder.EclipseLogger - Using 'UTF-8' encoding to copy filtered resources.
2020-01-23 17:54:06,430 [Worker-33] INFO  o.e.m.c.i.embedder.EclipseLogger - skip non existing resourceDirectory C:\Users\lntinfotech\Desktop\banking project\RegisterAndLogin\src\main\resources
2020-01-23 17:54:06,430 [Worker-33] INFO  o.e.m.c.i.embedder.EclipseLogger - Using 'UTF-8' encoding to copy filtered resources.
2020-01-23 17:54:06,430 [Worker-33] INFO  o.e.m.c.i.embedder.EclipseLogger - skip non existing resourceDirectory C:\Users\lntinfotech\Desktop\banking project\RegisterAndLogin\src\test\resources
2020-01-23 17:55:14,462 [Worker-20] INFO  o.e.m.c.i.embedder.EclipseLogger - Using 'UTF-8' encoding to copy filtered resources.
2020-01-23 17:55:14,462 [Worker-20] INFO  o.e.m.c.i.embedder.EclipseLogger - skip non existing resourceDirectory C:\Users\lntinfotech\Desktop\banking project\RegisterAndLogin\src\main\resources
2020-01-23 17:55:14,462 [Worker-20] INFO  o.e.m.c.i.embedder.EclipseLogger - Using 'UTF-8' encoding to copy filtered resources.
2020-01-23 17:55:14,462 [Worker-20] INFO  o.e.m.c.i.embedder.EclipseLogger - skip non existing resourceDirectory C:\Users\lntinfotech\Desktop\banking project\RegisterAndLogin\src\test\resources
2020-01-23 17:55:35,556 [Worker-33] INFO  o.e.m.c.i.embedder.EclipseLogger - Using 'UTF-8' encoding to copy filtered resources.
2020-01-23 17:55:35,556 [Worker-33] INFO  o.e.m.c.i.embedder.EclipseLogger - skip non existing resourceDirectory C:\Users\lntinfotech\Desktop\banking project\RegisterAndLogin\src\main\resources
2020-01-23 17:55:35,556 [Worker-33] INFO  o.e.m.c.i.embedder.EclipseLogger - Using 'UTF-8' encoding to copy filtered resources.
2020-01-23 17:55:35,556 [Worker-33] INFO  o.e.m.c.i.embedder.EclipseLogger - skip non existing resourceDirectory C:\Users\lntinfotech\Desktop\banking project\RegisterAndLogin\src\test\resources
2020-01-23 17:56:16,939 [Worker-35] INFO  o.e.m.c.i.embedder.EclipseLogger - Using 'UTF-8' encoding to copy filtered resources.
2020-01-23 17:56:16,939 [Worker-35] INFO  o.e.m.c.i.embedder.EclipseLogger - skip non existing resourceDirectory C:\Users\lntinfotech\Desktop\banking project\RegisterAndLogin\src\main\resources
2020-01-23 17:56:16,939 [Worker-35] INFO  o.e.m.c.i.embedder.EclipseLogger - Using 'UTF-8' encoding to copy filtered resources.
2020-01-23 17:56:16,939 [Worker-35] INFO  o.e.m.c.i.embedder.EclipseLogger - skip non existing resourceDirectory C:\Users\lntinfotech\Desktop\banking project\RegisterAndLogin\src\test\resources
2020-01-23 17:57:03,604 [Worker-32] INFO  o.e.m.c.i.embedder.EclipseLogger - Using 'UTF-8' encoding to copy filtered resources.
2020-01-23 17:57:03,604 [Worker-32] INFO  o.e.m.c.i.embedder.EclipseLogger - skip non existing resourceDirectory C:\Users\lntinfotech\Desktop\banking project\RegisterAndLogin\src\main\resources
2020-01-23 17:57:03,604 [Worker-32] INFO  o.e.m.c.i.embedder.EclipseLogger - Using 'UTF-8' encoding to copy filtered resources.
2020-01-23 17:57:03,604 [Worker-32] INFO  o.e.m.c.i.embedder.EclipseLogger - skip non existing resourceDirectory C:\Users\lntinfotech\Desktop\banking project\RegisterAndLogin\src\test\resources
2020-01-23 17:57:10,136 [Worker-20] INFO  o.e.m.c.i.embedder.EclipseLogger - Using 'UTF-8' encoding to copy filtered resources.
2020-01-23 17:57:10,136 [Worker-20] INFO  o.e.m.c.i.embedder.EclipseLogger - skip non existing resourceDirectory C:\Users\lntinfotech\Desktop\banking project\RegisterAndLogin\src\main\resources
2020-01-23 17:57:10,152 [Worker-20] INFO  o.e.m.c.i.embedder.EclipseLogger - Using 'UTF-8' encoding to copy filtered resources.
2020-01-23 17:57:10,152 [Worker-20] INFO  o.e.m.c.i.embedder.EclipseLogger - skip non existing resourceDirectory C:\Users\lntinfotech\Desktop\banking project\RegisterAndLogin\src\test\resources
2020-01-23 17:57:26,607 [Worker-32] INFO  o.e.m.c.i.embedder.EclipseLogger - Using 'UTF-8' encoding to copy filtered resources.
2020-01-23 17:57:26,607 [Worker-32] INFO  o.e.m.c.i.embedder.EclipseLogger - skip non existing resourceDirectory C:\Users\lntinfotech\Desktop\banking project\RegisterAndLogin\src\main\resources
2020-01-23 17:57:26,607 [Worker-32] INFO  o.e.m.c.i.embedder.EclipseLogger - Using 'UTF-8' encoding to copy filtered resources.
2020-01-23 17:57:26,607 [Worker-32] INFO  o.e.m.c.i.embedder.EclipseLogger - skip non existing resourceDirectory C:\Users\lntinfotech\Desktop\banking project\RegisterAndLogin\src\test\resources
2020-01-23 17:57:32,301 [Worker-20] INFO  o.e.m.c.i.embedder.EclipseLogger - Using 'UTF-8' encoding to copy filtered resources.
2020-01-23 17:57:32,301 [Worker-20] INFO  o.e.m.c.i.embedder.EclipseLogger - skip non existing resourceDirectory C:\Users\lntinfotech\Desktop\banking project\RegisterAndLogin\src\main\resources
2020-01-23 17:57:32,301 [Worker-20] INFO  o.e.m.c.i.embedder.EclipseLogger - Using 'UTF-8' encoding to copy filtered resources.
2020-01-23 17:57:32,301 [Worker-20] INFO  o.e.m.c.i.embedder.EclipseLogger - skip non existing resourceDirectory C:\Users\lntinfotech\Desktop\banking project\RegisterAndLogin\src\test\resources
2020-01-23 17:57:43,751 [Worker-20] INFO  o.e.m.c.i.embedder.EclipseLogger - Using 'UTF-8' encoding to copy filtered resources.
2020-01-23 17:57:43,751 [Worker-20] INFO  o.e.m.c.i.embedder.EclipseLogger - skip non existing resourceDirectory C:\Users\lntinfotech\Desktop\banking project\RegisterAndLogin\src\main\resources
2020-01-23 17:57:43,751 [Worker-20] INFO  o.e.m.c.i.embedder.EclipseLogger - Using 'UTF-8' encoding to copy filtered resources.
2020-01-23 17:57:43,751 [Worker-20] INFO  o.e.m.c.i.embedder.EclipseLogger - skip non existing resourceDirectory C:\Users\lntinfotech\Desktop\banking project\RegisterAndLogin\src\test\resources
2020-01-23 17:57:45,815 [Worker-35] INFO  o.e.m.c.i.embedder.EclipseLogger - Using 'UTF-8' encoding to copy filtered resources.
2020-01-23 17:57:45,815 [Worker-35] INFO  o.e.m.c.i.embedder.EclipseLogger - skip non existing resourceDirectory C:\Users\lntinfotech\Desktop\banking project\RegisterAndLogin\src\main\resources
2020-01-23 17:57:45,815 [Worker-35] INFO  o.e.m.c.i.embedder.EclipseLogger - Using 'UTF-8' encoding to copy filtered resources.
2020-01-23 17:57:45,815 [Worker-35] INFO  o.e.m.c.i.embedder.EclipseLogger - skip non existing resourceDirectory C:\Users\lntinfotech\Desktop\banking project\RegisterAndLogin\src\test\resources
2020-01-23 17:58:13,225 [Worker-24] INFO  o.e.m.c.i.embedder.EclipseLogger - Using 'UTF-8' encoding to copy filtered resources.
2020-01-23 17:58:13,225 [Worker-24] INFO  o.e.m.c.i.embedder.EclipseLogger - skip non existing resourceDirectory C:\Users\lntinfotech\Desktop\banking project\RegisterAndLogin\src\main\resources
2020-01-23 17:58:13,225 [Worker-24] INFO  o.e.m.c.i.embedder.EclipseLogger - Using 'UTF-8' encoding to copy filtered resources.
2020-01-23 17:58:13,225 [Worker-24] INFO  o.e.m.c.i.embedder.EclipseLogger - skip non existing resourceDirectory C:\Users\lntinfotech\Desktop\banking project\RegisterAndLogin\src\test\resources
2020-01-23 18:00:13,173 [Worker-20] INFO  o.e.m.c.i.embedder.EclipseLogger - Using 'UTF-8' encoding to copy filtered resources.
2020-01-23 18:00:13,173 [Worker-20] INFO  o.e.m.c.i.embedder.EclipseLogger - skip non existing resourceDirectory C:\Users\lntinfotech\Desktop\banking project\RegisterAndLogin\src\main\resources
2020-01-23 18:00:13,174 [Worker-20] INFO  o.e.m.c.i.embedder.EclipseLogger - Using 'UTF-8' encoding to copy filtered resources.
2020-01-23 18:00:13,174 [Worker-20] INFO  o.e.m.c.i.embedder.EclipseLogger - skip non existing resourceDirectory C:\Users\lntinfotech\Desktop\banking project\RegisterAndLogin\src\test\resources
2020-01-23 18:00:18,904 [Worker-35] INFO  o.e.m.c.i.embedder.EclipseLogger - Using 'UTF-8' encoding to copy filtered resources.
2020-01-23 18:00:18,904 [Worker-35] INFO  o.e.m.c.i.embedder.EclipseLogger - skip non existing resourceDirectory C:\Users\lntinfotech\Desktop\banking project\RegisterAndLogin\src\main\resources
2020-01-23 18:00:18,919 [Worker-35] INFO  o.e.m.c.i.embedder.EclipseLogger - Using 'UTF-8' encoding to copy filtered resources.
2020-01-23 18:00:18,919 [Worker-35] INFO  o.e.m.c.i.embedder.EclipseLogger - skip non existing resourceDirectory C:\Users\lntinfotech\Desktop\banking project\RegisterAndLogin\src\test\resources
2020-01-23 18:00:24,783 [Worker-32] INFO  o.e.m.c.i.embedder.EclipseLogger - Using 'UTF-8' encoding to copy filtered resources.
2020-01-23 18:00:24,783 [Worker-32] INFO  o.e.m.c.i.embedder.EclipseLogger - skip non existing resourceDirectory C:\Users\lntinfotech\Desktop\banking project\RegisterAndLogin\src\main\resources
2020-01-23 18:00:24,784 [Worker-32] INFO  o.e.m.c.i.embedder.EclipseLogger - Using 'UTF-8' encoding to copy filtered resources.
2020-01-23 18:00:24,784 [Worker-32] INFO  o.e.m.c.i.embedder.EclipseLogger - skip non existing resourceDirectory C:\Users\lntinfotech\Desktop\banking project\RegisterAndLogin\src\test\resources
2020-01-23 18:00:33,361 [Worker-24] INFO  o.e.m.c.i.embedder.EclipseLogger - Using 'UTF-8' encoding to copy filtered resources.
2020-01-23 18:00:33,361 [Worker-24] INFO  o.e.m.c.i.embedder.EclipseLogger - skip non existing resourceDirectory C:\Users\lntinfotech\Desktop\banking project\RegisterAndLogin\src\main\resources
2020-01-23 18:00:33,361 [Worker-24] INFO  o.e.m.c.i.embedder.EclipseLogger - Using 'UTF-8' encoding to copy filtered resources.
2020-01-23 18:00:33,361 [Worker-24] INFO  o.e.m.c.i.embedder.EclipseLogger - skip non existing resourceDirectory C:\Users\lntinfotech\Desktop\banking project\RegisterAndLogin\src\test\resources
2020-01-23 18:01:55,183 [Worker-31] INFO  o.e.m.c.i.embedder.EclipseLogger - Using 'UTF-8' encoding to copy filtered resources.
2020-01-23 18:01:55,183 [Worker-31] INFO  o.e.m.c.i.embedder.EclipseLogger - skip non existing resourceDirectory C:\Users\lntinfotech\Desktop\banking project\RegisterAndLogin\src\main\resources
2020-01-23 18:01:55,183 [Worker-31] INFO  o.e.m.c.i.embedder.EclipseLogger - Using 'UTF-8' encoding to copy filtered resources.
2020-01-23 18:01:55,183 [Worker-31] INFO  o.e.m.c.i.embedder.EclipseLogger - skip non existing resourceDirectory C:\Users\lntinfotech\Desktop\banking project\RegisterAndLogin\src\test\resources
2020-01-23 18:02:06,570 [Worker-34] INFO  o.e.m.c.i.embedder.EclipseLogger - Using 'UTF-8' encoding to copy filtered resources.
2020-01-23 18:02:06,570 [Worker-34] INFO  o.e.m.c.i.embedder.EclipseLogger - skip non existing resourceDirectory C:\Users\lntinfotech\Desktop\banking project\RegisterAndLogin\src\main\resources
2020-01-23 18:02:06,574 [Worker-34] INFO  o.e.m.c.i.embedder.EclipseLogger - Using 'UTF-8' encoding to copy filtered resources.
2020-01-23 18:02:06,574 [Worker-34] INFO  o.e.m.c.i.embedder.EclipseLogger - skip non existing resourceDirectory C:\Users\lntinfotech\Desktop\banking project\RegisterAndLogin\src\test\resources
2020-01-23 18:02:26,622 [Worker-32] INFO  o.e.m.c.i.embedder.EclipseLogger - Using 'UTF-8' encoding to copy filtered resources.
2020-01-23 18:02:26,622 [Worker-32] INFO  o.e.m.c.i.embedder.EclipseLogger - skip non existing resourceDirectory C:\Users\lntinfotech\Desktop\banking project\RegisterAndLogin\src\main\resources
2020-01-23 18:02:26,622 [Worker-32] INFO  o.e.m.c.i.embedder.EclipseLogger - Using 'UTF-8' encoding to copy filtered resources.
2020-01-23 18:02:26,622 [Worker-32] INFO  o.e.m.c.i.embedder.EclipseLogger - skip non existing resourceDirectory C:\Users\lntinfotech\Desktop\banking project\RegisterAndLogin\src\test\resources
2020-01-23 18:02:34,279 [Worker-24] INFO  o.e.m.c.i.embedder.EclipseLogger - Using 'UTF-8' encoding to copy filtered resources.
2020-01-23 18:02:34,279 [Worker-24] INFO  o.e.m.c.i.embedder.EclipseLogger - skip non existing resourceDirectory C:\Users\lntinfotech\Desktop\banking project\RegisterAndLogin\src\main\resources
2020-01-23 18:02:34,279 [Worker-24] INFO  o.e.m.c.i.embedder.EclipseLogger - Using 'UTF-8' encoding to copy filtered resources.
2020-01-23 18:02:34,279 [Worker-24] INFO  o.e.m.c.i.embedder.EclipseLogger - skip non existing resourceDirectory C:\Users\lntinfotech\Desktop\banking project\RegisterAndLogin\src\test\resources
2020-01-23 18:05:36,160 [Worker-20] INFO  o.e.m.c.i.embedder.EclipseLogger - Using 'UTF-8' encoding to copy filtered resources.
2020-01-23 18:05:36,160 [Worker-20] INFO  o.e.m.c.i.embedder.EclipseLogger - skip non existing resourceDirectory C:\Users\lntinfotech\Desktop\banking project\RegisterAndLogin\src\main\resources
2020-01-23 18:05:36,160 [Worker-20] INFO  o.e.m.c.i.embedder.EclipseLogger - Using 'UTF-8' encoding to copy filtered resources.
2020-01-23 18:05:36,160 [Worker-20] INFO  o.e.m.c.i.embedder.EclipseLogger - skip non existing resourceDirectory C:\Users\lntinfotech\Desktop\banking project\RegisterAndLogin\src\test\resources
2020-01-23 18:12:05,638 [Worker-31] INFO  o.e.m.c.i.embedder.EclipseLogger - Using 'UTF-8' encoding to copy filtered resources.
2020-01-23 18:12:05,638 [Worker-31] INFO  o.e.m.c.i.embedder.EclipseLogger - skip non existing resourceDirectory C:\Users\lntinfotech\Desktop\banking project\RegisterAndLogin\src\main\resources
2020-01-23 18:12:05,638 [Worker-31] INFO  o.e.m.c.i.embedder.EclipseLogger - Using 'UTF-8' encoding to copy filtered resources.
2020-01-23 18:12:05,638 [Worker-31] INFO  o.e.m.c.i.embedder.EclipseLogger - skip non existing resourceDirectory C:\Users\lntinfotech\Desktop\banking project\RegisterAndLogin\src\test\resources
2020-01-23 18:31:41,946 [Worker-48] INFO  o.e.m.c.i.embedder.EclipseLogger - Using 'UTF-8' encoding to copy filtered resources.
2020-01-23 18:31:41,946 [Worker-48] INFO  o.e.m.c.i.embedder.EclipseLogger - skip non existing resourceDirectory C:\Users\lntinfotech\Desktop\banking project\RegisterAndLogin\src\main\resources
2020-01-23 18:31:41,947 [Worker-48] INFO  o.e.m.c.i.embedder.EclipseLogger - Using 'UTF-8' encoding to copy filtered resources.
2020-01-23 18:31:41,947 [Worker-48] INFO  o.e.m.c.i.embedder.EclipseLogger - skip non existing resourceDirectory C:\Users\lntinfotech\Desktop\banking project\RegisterAndLogin\src\test\resources
2020-01-23 18:33:34,419 [Worker-47] INFO  o.e.m.c.i.embedder.EclipseLogger - Using 'UTF-8' encoding to copy filtered resources.
2020-01-23 18:33:34,419 [Worker-47] INFO  o.e.m.c.i.embedder.EclipseLogger - skip non existing resourceDirectory C:\Users\lntinfotech\Desktop\banking project\RegisterAndLogin\src\main\resources
2020-01-23 18:33:34,419 [Worker-47] INFO  o.e.m.c.i.embedder.EclipseLogger - Using 'UTF-8' encoding to copy filtered resources.
2020-01-23 18:33:34,419 [Worker-47] INFO  o.e.m.c.i.embedder.EclipseLogger - skip non existing resourceDirectory C:\Users\lntinfotech\Desktop\banking project\RegisterAndLogin\src\test\resources
2020-01-23 18:33:36,722 [Worker-49] INFO  o.e.m.c.i.embedder.EclipseLogger - Using 'UTF-8' encoding to copy filtered resources.
2020-01-23 18:33:36,722 [Worker-49] INFO  o.e.m.c.i.embedder.EclipseLogger - skip non existing resourceDirectory C:\Users\lntinfotech\Desktop\banking project\RegisterAndLogin\src\main\resources
2020-01-23 18:33:36,722 [Worker-49] INFO  o.e.m.c.i.embedder.EclipseLogger - Using 'UTF-8' encoding to copy filtered resources.
2020-01-23 18:33:36,722 [Worker-49] INFO  o.e.m.c.i.embedder.EclipseLogger - skip non existing resourceDirectory C:\Users\lntinfotech\Desktop\banking project\RegisterAndLogin\src\test\resources
2020-01-23 18:34:25,380 [Worker-31] INFO  o.e.m.c.i.embedder.EclipseLogger - Using 'UTF-8' encoding to copy filtered resources.
2020-01-23 18:34:25,381 [Worker-31] INFO  o.e.m.c.i.embedder.EclipseLogger - skip non existing resourceDirectory C:\Users\lntinfotech\Desktop\banking project\RegisterAndLogin\src\main\resources
2020-01-23 18:34:25,382 [Worker-31] INFO  o.e.m.c.i.embedder.EclipseLogger - Using 'UTF-8' encoding to copy filtered resources.
2020-01-23 18:34:25,382 [Worker-31] INFO  o.e.m.c.i.embedder.EclipseLogger - skip non existing resourceDirectory C:\Users\lntinfotech\Desktop\banking project\RegisterAndLogin\src\test\resources
2020-01-23 18:34:44,607 [Worker-49] INFO  o.e.m.c.i.embedder.EclipseLogger - Using 'UTF-8' encoding to copy filtered resources.
2020-01-23 18:34:44,607 [Worker-49] INFO  o.e.m.c.i.embedder.EclipseLogger - skip non existing resourceDirectory C:\Users\lntinfotech\Desktop\banking project\RegisterAndLogin\src\main\resources
2020-01-23 18:34:44,607 [Worker-49] INFO  o.e.m.c.i.embedder.EclipseLogger - Using 'UTF-8' encoding to copy filtered resources.
2020-01-23 18:34:44,607 [Worker-49] INFO  o.e.m.c.i.embedder.EclipseLogger - skip non existing resourceDirectory C:\Users\lntinfotech\Desktop\banking project\RegisterAndLogin\src\test\resources
2020-01-23 18:38:51,828 [Worker-45] INFO  o.e.m.c.i.p.ProjectConfigurationManager - Update started
2020-01-23 18:38:53,797 [Worker-45] INFO  o.e.m.c.i.l.LifecycleMappingFactory - Using org.eclipse.m2e.jdt.JarLifecycleMapping lifecycle mapping for MavenProject: com.lti:RegisterAndLogin:0.0.1-SNAPSHOT @ C:\Users\lntinfotech\Desktop\banking project\RegisterAndLogin\pom.xml.
2020-01-23 18:38:56,475 [Worker-45] INFO  o.e.m.j.i.AbstractJavaProjectConfigurator - Adding source folder /RegisterAndLogin/src/main/java
2020-01-23 18:38:56,476 [Worker-45] INFO  o.e.m.j.i.AbstractJavaProjectConfigurator - Adding source folder /RegisterAndLogin/src/test/java
2020-01-23 18:38:57,359 [Worker-45] INFO  o.e.m.c.i.p.ProjectConfigurationManager - Update completed: 5 sec
2020-01-23 18:39:00,459 [Worker-45] INFO  o.e.m.c.i.embedder.EclipseLogger - Using 'UTF-8' encoding to copy filtered resources.
2020-01-23 18:39:00,459 [Worker-45] INFO  o.e.m.c.i.embedder.EclipseLogger - skip non existing resourceDirectory C:\Users\lntinfotech\Desktop\banking project\RegisterAndLogin\src\main\resources
2020-01-23 18:39:00,461 [Worker-45] INFO  o.e.m.c.i.embedder.EclipseLogger - Using 'UTF-8' encoding to copy filtered resources.
2020-01-23 18:39:00,461 [Worker-45] INFO  o.e.m.c.i.embedder.EclipseLogger - skip non existing resourceDirectory C:\Users\lntinfotech\Desktop\banking project\RegisterAndLogin\src\test\resources
2020-01-23 18:40:36,605 [Worker-50] INFO  o.e.m.c.i.embedder.EclipseLogger - Using 'UTF-8' encoding to copy filtered resources.
2020-01-23 18:40:36,606 [Worker-50] INFO  o.e.m.c.i.embedder.EclipseLogger - skip non existing resourceDirectory C:\Users\lntinfotech\Desktop\banking project\RegisterAndLogin\src\main\resources
2020-01-23 18:40:36,620 [Worker-50] INFO  o.e.m.c.i.embedder.EclipseLogger - Using 'UTF-8' encoding to copy filtered resources.
2020-01-23 18:40:36,620 [Worker-50] INFO  o.e.m.c.i.embedder.EclipseLogger - skip non existing resourceDirectory C:\Users\lntinfotech\Desktop\banking project\RegisterAndLogin\src\test\resources
2020-01-23 18:41:23,111 [Worker-50] INFO  o.e.m.c.i.embedder.EclipseLogger - Using 'UTF-8' encoding to copy filtered resources.
2020-01-23 18:41:23,111 [Worker-50] INFO  o.e.m.c.i.embedder.EclipseLogger - skip non existing resourceDirectory C:\Users\lntinfotech\Desktop\banking project\RegisterAndLogin\src\main\resources
2020-01-23 18:41:23,112 [Worker-50] INFO  o.e.m.c.i.embedder.EclipseLogger - Using 'UTF-8' encoding to copy filtered resources.
2020-01-23 18:41:23,113 [Worker-50] INFO  o.e.m.c.i.embedder.EclipseLogger - skip non existing resourceDirectory C:\Users\lntinfotech\Desktop\banking project\RegisterAndLogin\src\test\resources
2020-01-23 18:41:34,091 [Worker-49] INFO  o.e.m.c.i.embedder.EclipseLogger - Using 'UTF-8' encoding to copy filtered resources.
2020-01-23 18:41:34,091 [Worker-49] INFO  o.e.m.c.i.embedder.EclipseLogger - skip non existing resourceDirectory C:\Users\lntinfotech\Desktop\banking project\RegisterAndLogin\src\main\resources
2020-01-23 18:41:34,093 [Worker-49] INFO  o.e.m.c.i.embedder.EclipseLogger - Using 'UTF-8' encoding to copy filtered resources.
2020-01-23 18:41:34,093 [Worker-49] INFO  o.e.m.c.i.embedder.EclipseLogger - skip non existing resourceDirectory C:\Users\lntinfotech\Desktop\banking project\RegisterAndLogin\src\test\resources
2020-01-23 18:51:34,515 [Worker-31] INFO  o.e.m.c.i.embedder.EclipseLogger - Using 'UTF-8' encoding to copy filtered resources.
2020-01-23 18:51:34,515 [Worker-31] INFO  o.e.m.c.i.embedder.EclipseLogger - skip non existing resourceDirectory C:\Users\lntinfotech\Desktop\banking project\RegisterAndLogin\src\main\resources
2020-01-23 18:51:34,515 [Worker-31] INFO  o.e.m.c.i.embedder.EclipseLogger - Using 'UTF-8' encoding to copy filtered resources.
2020-01-23 18:51:34,515 [Worker-31] INFO  o.e.m.c.i.embedder.EclipseLogger - skip non existing resourceDirectory C:\Users\lntinfotech\Desktop\banking project\RegisterAndLogin\src\test\resources
2020-01-23 18:51:53,879 [Worker-54] INFO  o.e.m.c.i.embedder.EclipseLogger - Using 'UTF-8' encoding to copy filtered resources.
2020-01-23 18:51:53,880 [Worker-54] INFO  o.e.m.c.i.embedder.EclipseLogger - skip non existing resourceDirectory C:\Users\lntinfotech\Desktop\banking project\RegisterAndLogin\src\main\resources
2020-01-23 18:51:53,881 [Worker-54] INFO  o.e.m.c.i.embedder.EclipseLogger - Using 'UTF-8' encoding to copy filtered resources.
2020-01-23 18:51:53,881 [Worker-54] INFO  o.e.m.c.i.embedder.EclipseLogger - skip non existing resourceDirectory C:\Users\lntinfotech\Desktop\banking project\RegisterAndLogin\src\test\resources
2020-01-23 18:53:39,368 [Worker-54] INFO  o.e.m.c.i.embedder.EclipseLogger - Using 'UTF-8' encoding to copy filtered resources.
2020-01-23 18:53:39,368 [Worker-54] INFO  o.e.m.c.i.embedder.EclipseLogger - skip non existing resourceDirectory C:\Users\lntinfotech\Desktop\banking project\RegisterAndLogin\src\main\resources
2020-01-23 18:53:39,369 [Worker-54] INFO  o.e.m.c.i.embedder.EclipseLogger - Using 'UTF-8' encoding to copy filtered resources.
2020-01-23 18:53:39,369 [Worker-54] INFO  o.e.m.c.i.embedder.EclipseLogger - skip non existing resourceDirectory C:\Users\lntinfotech\Desktop\banking project\RegisterAndLogin\src\test\resources
2020-01-23 18:55:25,602 [Worker-51] INFO  o.e.m.c.i.embedder.EclipseLogger - Using 'UTF-8' encoding to copy filtered resources.
2020-01-23 18:55:25,602 [Worker-51] INFO  o.e.m.c.i.embedder.EclipseLogger - skip non existing resourceDirectory C:\Users\lntinfotech\Desktop\banking project\RegisterAndLogin\src\main\resources
2020-01-23 18:55:25,604 [Worker-51] INFO  o.e.m.c.i.embedder.EclipseLogger - Using 'UTF-8' encoding to copy filtered resources.
2020-01-23 18:55:25,604 [Worker-51] INFO  o.e.m.c.i.embedder.EclipseLogger - skip non existing resourceDirectory C:\Users\lntinfotech\Desktop\banking project\RegisterAndLogin\src\test\resources
2020-01-23 18:56:19,848 [Worker-54] INFO  o.e.m.c.i.embedder.EclipseLogger - Using 'UTF-8' encoding to copy filtered resources.
2020-01-23 18:56:19,848 [Worker-54] INFO  o.e.m.c.i.embedder.EclipseLogger - skip non existing resourceDirectory C:\Users\lntinfotech\Desktop\banking project\RegisterAndLogin\src\main\resources
2020-01-23 18:56:19,848 [Worker-54] INFO  o.e.m.c.i.embedder.EclipseLogger - Using 'UTF-8' encoding to copy filtered resources.
2020-01-23 18:56:19,848 [Worker-54] INFO  o.e.m.c.i.embedder.EclipseLogger - skip non existing resourceDirectory C:\Users\lntinfotech\Desktop\banking project\RegisterAndLogin\src\test\resources
2020-01-23 18:56:41,733 [Worker-52] INFO  o.e.m.c.i.embedder.EclipseLogger - Using 'UTF-8' encoding to copy filtered resources.
2020-01-23 18:56:41,733 [Worker-52] INFO  o.e.m.c.i.embedder.EclipseLogger - skip non existing resourceDirectory C:\Users\lntinfotech\Desktop\banking project\RegisterAndLogin\src\main\resources
2020-01-23 18:56:41,734 [Worker-52] INFO  o.e.m.c.i.embedder.EclipseLogger - Using 'UTF-8' encoding to copy filtered resources.
2020-01-23 18:56:41,734 [Worker-52] INFO  o.e.m.c.i.embedder.EclipseLogger - skip non existing resourceDirectory C:\Users\lntinfotech\Desktop\banking project\RegisterAndLogin\src\test\resources
2020-01-23 18:56:57,872 [Worker-54] INFO  o.e.m.c.i.embedder.EclipseLogger - Using 'UTF-8' encoding to copy filtered resources.
2020-01-23 18:56:57,872 [Worker-54] INFO  o.e.m.c.i.embedder.EclipseLogger - skip non existing resourceDirectory C:\Users\lntinfotech\Desktop\banking project\RegisterAndLogin\src\main\resources
2020-01-23 18:56:57,874 [Worker-54] INFO  o.e.m.c.i.embedder.EclipseLogger - Using 'UTF-8' encoding to copy filtered resources.
2020-01-23 18:56:57,874 [Worker-54] INFO  o.e.m.c.i.embedder.EclipseLogger - skip non existing resourceDirectory C:\Users\lntinfotech\Desktop\banking project\RegisterAndLogin\src\test\resources
2020-01-23 18:57:09,215 [Worker-54] INFO  o.e.m.c.i.embedder.EclipseLogger - Using 'UTF-8' encoding to copy filtered resources.
2020-01-23 18:57:09,215 [Worker-54] INFO  o.e.m.c.i.embedder.EclipseLogger - skip non existing resourceDirectory C:\Users\lntinfotech\Desktop\banking project\RegisterAndLogin\src\main\resources
2020-01-23 18:57:09,215 [Worker-54] INFO  o.e.m.c.i.embedder.EclipseLogger - Using 'UTF-8' encoding to copy filtered resources.
2020-01-23 18:57:09,216 [Worker-54] INFO  o.e.m.c.i.embedder.EclipseLogger - skip non existing resourceDirectory C:\Users\lntinfotech\Desktop\banking project\RegisterAndLogin\src\test\resources
2020-01-23 18:58:16,247 [Worker-54] INFO  o.e.m.c.i.embedder.EclipseLogger - Using 'UTF-8' encoding to copy filtered resources.
2020-01-23 18:58:16,247 [Worker-54] INFO  o.e.m.c.i.embedder.EclipseLogger - skip non existing resourceDirectory C:\Users\lntinfotech\Desktop\banking project\RegisterAndLogin\src\main\resources
2020-01-23 18:58:16,247 [Worker-54] INFO  o.e.m.c.i.embedder.EclipseLogger - Using 'UTF-8' encoding to copy filtered resources.
2020-01-23 18:58:16,248 [Worker-54] INFO  o.e.m.c.i.embedder.EclipseLogger - skip non existing resourceDirectory C:\Users\lntinfotech\Desktop\banking project\RegisterAndLogin\src\test\resources
2020-01-23 19:00:56,669 [Worker-52] INFO  o.e.m.c.i.embedder.EclipseLogger - Using 'UTF-8' encoding to copy filtered resources.
2020-01-23 19:00:56,669 [Worker-52] INFO  o.e.m.c.i.embedder.EclipseLogger - skip non existing resourceDirectory C:\Users\lntinfotech\Desktop\banking project\RegisterAndLogin\src\main\resources
2020-01-23 19:00:56,670 [Worker-52] INFO  o.e.m.c.i.embedder.EclipseLogger - Using 'UTF-8' encoding to copy filtered resources.
2020-01-23 19:00:56,670 [Worker-52] INFO  o.e.m.c.i.embedder.EclipseLogger - skip non existing resourceDirectory C:\Users\lntinfotech\Desktop\banking project\RegisterAndLogin\src\test\resources
2020-01-23 19:01:03,982 [Worker-54] INFO  o.e.m.c.i.embedder.EclipseLogger - Using 'UTF-8' encoding to copy filtered resources.
2020-01-23 19:01:03,982 [Worker-54] INFO  o.e.m.c.i.embedder.EclipseLogger - skip non existing resourceDirectory C:\Users\lntinfotech\Desktop\banking project\RegisterAndLogin\src\main\resources
2020-01-23 19:01:03,983 [Worker-54] INFO  o.e.m.c.i.embedder.EclipseLogger - Using 'UTF-8' encoding to copy filtered resources.
2020-01-23 19:01:03,983 [Worker-54] INFO  o.e.m.c.i.embedder.EclipseLogger - skip non existing resourceDirectory C:\Users\lntinfotech\Desktop\banking project\RegisterAndLogin\src\test\resources
2020-01-23 19:01:29,555 [Worker-48] INFO  o.e.m.c.i.embedder.EclipseLogger - Using 'UTF-8' encoding to copy filtered resources.
2020-01-23 19:01:29,556 [Worker-48] INFO  o.e.m.c.i.embedder.EclipseLogger - skip non existing resourceDirectory C:\Users\lntinfotech\Desktop\banking project\RegisterAndLogin\src\main\resources
2020-01-23 19:01:29,557 [Worker-48] INFO  o.e.m.c.i.embedder.EclipseLogger - Using 'UTF-8' encoding to copy filtered resources.
2020-01-23 19:01:29,557 [Worker-48] INFO  o.e.m.c.i.embedder.EclipseLogger - skip non existing resourceDirectory C:\Users\lntinfotech\Desktop\banking project\RegisterAndLogin\src\test\resources
2020-01-23 19:03:48,202 [Worker-53] INFO  o.e.m.c.i.embedder.EclipseLogger - Using 'UTF-8' encoding to copy filtered resources.
2020-01-23 19:03:48,202 [Worker-53] INFO  o.e.m.c.i.embedder.EclipseLogger - skip non existing resourceDirectory C:\Users\lntinfotech\Desktop\banking project\RegisterAndLogin\src\main\resources
2020-01-23 19:03:48,202 [Worker-53] INFO  o.e.m.c.i.embedder.EclipseLogger - Using 'UTF-8' encoding to copy filtered resources.
2020-01-23 19:03:48,202 [Worker-53] INFO  o.e.m.c.i.embedder.EclipseLogger - skip non existing resourceDirectory C:\Users\lntinfotech\Desktop\banking project\RegisterAndLogin\src\test\resources
2020-01-23 19:04:38,886 [Worker-51] INFO  o.e.m.c.i.embedder.EclipseLogger - Using 'UTF-8' encoding to copy filtered resources.
2020-01-23 19:04:38,886 [Worker-51] INFO  o.e.m.c.i.embedder.EclipseLogger - skip non existing resourceDirectory C:\Users\lntinfotech\Desktop\banking project\RegisterAndLogin\src\main\resources
2020-01-23 19:04:38,886 [Worker-51] INFO  o.e.m.c.i.embedder.EclipseLogger - Using 'UTF-8' encoding to copy filtered resources.
2020-01-23 19:04:38,886 [Worker-51] INFO  o.e.m.c.i.embedder.EclipseLogger - skip non existing resourceDirectory C:\Users\lntinfotech\Desktop\banking project\RegisterAndLogin\src\test\resources
2020-01-23 19:04:53,890 [Worker-51] INFO  o.e.m.c.i.embedder.EclipseLogger - Using 'UTF-8' encoding to copy filtered resources.
2020-01-23 19:04:53,890 [Worker-51] INFO  o.e.m.c.i.embedder.EclipseLogger - skip non existing resourceDirectory C:\Users\lntinfotech\Desktop\banking project\RegisterAndLogin\src\main\resources
2020-01-23 19:04:53,891 [Worker-51] INFO  o.e.m.c.i.embedder.EclipseLogger - Using 'UTF-8' encoding to copy filtered resources.
2020-01-23 19:04:53,891 [Worker-51] INFO  o.e.m.c.i.embedder.EclipseLogger - skip non existing resourceDirectory C:\Users\lntinfotech\Desktop\banking project\RegisterAndLogin\src\test\resources
2020-01-23 19:05:02,940 [Worker-49] INFO  o.e.m.c.i.embedder.EclipseLogger - Using 'UTF-8' encoding to copy filtered resources.
2020-01-23 19:05:02,940 [Worker-49] INFO  o.e.m.c.i.embedder.EclipseLogger - skip non existing resourceDirectory C:\Users\lntinfotech\Desktop\banking project\RegisterAndLogin\src\main\resources
2020-01-23 19:05:02,941 [Worker-49] INFO  o.e.m.c.i.embedder.EclipseLogger - Using 'UTF-8' encoding to copy filtered resources.
2020-01-23 19:05:02,941 [Worker-49] INFO  o.e.m.c.i.embedder.EclipseLogger - skip non existing resourceDirectory C:\Users\lntinfotech\Desktop\banking project\RegisterAndLogin\src\test\resources
2020-01-23 19:05:19,900 [Worker-56] INFO  o.e.m.c.i.embedder.EclipseLogger - Using 'UTF-8' encoding to copy filtered resources.
2020-01-23 19:05:19,900 [Worker-56] INFO  o.e.m.c.i.embedder.EclipseLogger - skip non existing resourceDirectory C:\Users\lntinfotech\Desktop\banking project\RegisterAndLogin\src\main\resources
2020-01-23 19:05:19,901 [Worker-56] INFO  o.e.m.c.i.embedder.EclipseLogger - Using 'UTF-8' encoding to copy filtered resources.
2020-01-23 19:05:19,902 [Worker-56] INFO  o.e.m.c.i.embedder.EclipseLogger - skip non existing resourceDirectory C:\Users\lntinfotech\Desktop\banking project\RegisterAndLogin\src\test\resources
2020-01-23 19:05:34,903 [Worker-51] INFO  o.e.m.c.i.embedder.EclipseLogger - Using 'UTF-8' encoding to copy filtered resources.
2020-01-23 19:05:34,904 [Worker-51] INFO  o.e.m.c.i.embedder.EclipseLogger - skip non existing resourceDirectory C:\Users\lntinfotech\Desktop\banking project\RegisterAndLogin\src\main\resources
2020-01-23 19:05:34,905 [Worker-51] INFO  o.e.m.c.i.embedder.EclipseLogger - Using 'UTF-8' encoding to copy filtered resources.
2020-01-23 19:05:34,906 [Worker-51] INFO  o.e.m.c.i.embedder.EclipseLogger - skip non existing resourceDirectory C:\Users\lntinfotech\Desktop\banking project\RegisterAndLogin\src\test\resources
2020-01-23 19:06:35,520 [Worker-56] INFO  o.e.m.c.i.embedder.EclipseLogger - Using 'UTF-8' encoding to copy filtered resources.
2020-01-23 19:06:35,520 [Worker-56] INFO  o.e.m.c.i.embedder.EclipseLogger - skip non existing resourceDirectory C:\Users\lntinfotech\Desktop\banking project\RegisterAndLogin\src\main\resources
2020-01-23 19:06:35,520 [Worker-56] INFO  o.e.m.c.i.embedder.EclipseLogger - Using 'UTF-8' encoding to copy filtered resources.
2020-01-23 19:06:35,520 [Worker-56] INFO  o.e.m.c.i.embedder.EclipseLogger - skip non existing resourceDirectory C:\Users\lntinfotech\Desktop\banking project\RegisterAndLogin\src\test\resources
2020-01-23 19:06:45,100 [Worker-48] INFO  o.e.m.c.i.embedder.EclipseLogger - Using 'UTF-8' encoding to copy filtered resources.
2020-01-23 19:06:45,100 [Worker-48] INFO  o.e.m.c.i.embedder.EclipseLogger - skip non existing resourceDirectory C:\Users\lntinfotech\Desktop\banking project\RegisterAndLogin\src\main\resources
2020-01-23 19:06:45,100 [Worker-48] INFO  o.e.m.c.i.embedder.EclipseLogger - Using 'UTF-8' encoding to copy filtered resources.
2020-01-23 19:06:45,100 [Worker-48] INFO  o.e.m.c.i.embedder.EclipseLogger - skip non existing resourceDirectory C:\Users\lntinfotech\Desktop\banking project\RegisterAndLogin\src\test\resources
2020-01-23 19:07:38,770 [Worker-48] INFO  o.e.m.c.i.embedder.EclipseLogger - Using 'UTF-8' encoding to copy filtered resources.
2020-01-23 19:07:38,770 [Worker-48] INFO  o.e.m.c.i.embedder.EclipseLogger - skip non existing resourceDirectory C:\Users\lntinfotech\Desktop\banking project\RegisterAndLogin\src\main\resources
2020-01-23 19:07:38,770 [Worker-48] INFO  o.e.m.c.i.embedder.EclipseLogger - Using 'UTF-8' encoding to copy filtered resources.
2020-01-23 19:07:38,770 [Worker-48] INFO  o.e.m.c.i.embedder.EclipseLogger - skip non existing resourceDirectory C:\Users\lntinfotech\Desktop\banking project\RegisterAndLogin\src\test\resources
2020-01-23 19:07:45,865 [Worker-49] INFO  o.e.m.c.i.embedder.EclipseLogger - Using 'UTF-8' encoding to copy filtered resources.
2020-01-23 19:07:45,865 [Worker-49] INFO  o.e.m.c.i.embedder.EclipseLogger - skip non existing resourceDirectory C:\Users\lntinfotech\Desktop\banking project\RegisterAndLogin\src\main\resources
2020-01-23 19:07:45,866 [Worker-49] INFO  o.e.m.c.i.embedder.EclipseLogger - Using 'UTF-8' encoding to copy filtered resources.
2020-01-23 19:07:45,866 [Worker-49] INFO  o.e.m.c.i.embedder.EclipseLogger - skip non existing resourceDirectory C:\Users\lntinfotech\Desktop\banking project\RegisterAndLogin\src\test\resources
2020-01-23 19:07:53,120 [Worker-48] INFO  o.e.m.c.i.embedder.EclipseLogger - Using 'UTF-8' encoding to copy filtered resources.
2020-01-23 19:07:53,120 [Worker-48] INFO  o.e.m.c.i.embedder.EclipseLogger - skip non existing resourceDirectory C:\Users\lntinfotech\Desktop\banking project\RegisterAndLogin\src\main\resources
2020-01-23 19:07:53,120 [Worker-48] INFO  o.e.m.c.i.embedder.EclipseLogger - Using 'UTF-8' encoding to copy filtered resources.
2020-01-23 19:07:53,120 [Worker-48] INFO  o.e.m.c.i.embedder.EclipseLogger - skip non existing resourceDirectory C:\Users\lntinfotech\Desktop\banking project\RegisterAndLogin\src\test\resources
2020-01-23 19:08:26,519 [Worker-52] INFO  o.e.m.c.i.p.ProjectConfigurationManager - Update started
2020-01-23 19:08:27,863 [Worker-52] INFO  o.e.m.c.i.l.LifecycleMappingFactory - Using org.eclipse.m2e.jdt.JarLifecycleMapping lifecycle mapping for MavenProject: com.lti:RegisterAndLogin:0.0.1-SNAPSHOT @ C:\Users\lntinfotech\Desktop\banking project\RegisterAndLogin\pom.xml.
2020-01-23 19:08:29,971 [Worker-52] INFO  o.e.m.j.i.AbstractJavaProjectConfigurator - Adding source folder /RegisterAndLogin/src/main/java
2020-01-23 19:08:29,972 [Worker-52] INFO  o.e.m.j.i.AbstractJavaProjectConfigurator - Adding source folder /RegisterAndLogin/src/test/java
2020-01-23 19:08:30,769 [Worker-52] INFO  o.e.m.c.i.p.ProjectConfigurationManager - Update completed: 4 sec
2020-01-23 19:08:33,694 [Worker-51] INFO  o.e.m.c.i.embedder.EclipseLogger - Using 'UTF-8' encoding to copy filtered resources.
2020-01-23 19:08:33,694 [Worker-51] INFO  o.e.m.c.i.embedder.EclipseLogger - skip non existing resourceDirectory C:\Users\lntinfotech\Desktop\banking project\RegisterAndLogin\src\main\resources
2020-01-23 19:08:33,696 [Worker-51] INFO  o.e.m.c.i.embedder.EclipseLogger - Using 'UTF-8' encoding to copy filtered resources.
2020-01-23 19:08:33,696 [Worker-51] INFO  o.e.m.c.i.embedder.EclipseLogger - skip non existing resourceDirectory C:\Users\lntinfotech\Desktop\banking project\RegisterAndLogin\src\test\resources
2020-01-23 19:10:50,817 [Worker-48] INFO  o.e.m.c.i.embedder.EclipseLogger - Using 'UTF-8' encoding to copy filtered resources.
2020-01-23 19:10:50,818 [Worker-48] INFO  o.e.m.c.i.embedder.EclipseLogger - skip non existing resourceDirectory C:\Users\lntinfotech\Desktop\banking project\RegisterAndLogin\src\main\resources
2020-01-23 19:10:50,820 [Worker-48] INFO  o.e.m.c.i.embedder.EclipseLogger - Using 'UTF-8' encoding to copy filtered resources.
2020-01-23 19:10:50,820 [Worker-48] INFO  o.e.m.c.i.embedder.EclipseLogger - skip non existing resourceDirectory C:\Users\lntinfotech\Desktop\banking project\RegisterAndLogin\src\test\resources
2020-01-23 19:11:11,027 [Worker-58] INFO  o.e.m.c.i.p.ProjectConfigurationManager - Update started
2020-01-23 19:11:12,162 [Worker-58] INFO  o.e.m.c.i.l.LifecycleMappingFactory - Using org.eclipse.m2e.jdt.JarLifecycleMapping lifecycle mapping for MavenProject: com.lti:RegisterAndLogin:0.0.1-SNAPSHOT @ C:\Users\lntinfotech\Desktop\banking project\RegisterAndLogin\pom.xml.
2020-01-23 19:11:14,177 [Worker-58] INFO  o.e.m.j.i.AbstractJavaProjectConfigurator - Adding source folder /RegisterAndLogin/src/main/java
2020-01-23 19:11:14,177 [Worker-58] INFO  o.e.m.j.i.AbstractJavaProjectConfigurator - Adding source folder /RegisterAndLogin/src/test/java
2020-01-23 19:11:14,927 [Worker-58] INFO  o.e.m.c.i.p.ProjectConfigurationManager - Update completed: 3 sec
2020-01-23 19:11:17,747 [Worker-45] INFO  o.e.m.c.i.embedder.EclipseLogger - Using 'UTF-8' encoding to copy filtered resources.
2020-01-23 19:11:17,747 [Worker-45] INFO  o.e.m.c.i.embedder.EclipseLogger - skip non existing resourceDirectory C:\Users\lntinfotech\Desktop\banking project\RegisterAndLogin\src\main\resources
2020-01-23 19:11:17,749 [Worker-45] INFO  o.e.m.c.i.embedder.EclipseLogger - Using 'UTF-8' encoding to copy filtered resources.
2020-01-23 19:11:17,749 [Worker-45] INFO  o.e.m.c.i.embedder.EclipseLogger - skip non existing resourceDirectory C:\Users\lntinfotech\Desktop\banking project\RegisterAndLogin\src\test\resources
2020-01-23 19:17:21,702 [Worker-61] INFO  o.e.m.c.i.embedder.EclipseLogger - Using 'UTF-8' encoding to copy filtered resources.
2020-01-23 19:17:21,702 [Worker-61] INFO  o.e.m.c.i.embedder.EclipseLogger - skip non existing resourceDirectory C:\Users\lntinfotech\Desktop\banking project\RegisterAndLogin\src\main\resources
2020-01-23 19:17:21,703 [Worker-61] INFO  o.e.m.c.i.embedder.EclipseLogger - Using 'UTF-8' encoding to copy filtered resources.
2020-01-23 19:17:21,703 [Worker-61] INFO  o.e.m.c.i.embedder.EclipseLogger - skip non existing resourceDirectory C:\Users\lntinfotech\Desktop\banking project\RegisterAndLogin\src\test\resources
2020-01-23 19:17:37,483 [Worker-62] INFO  o.e.m.c.i.p.ProjectConfigurationManager - Update started
2020-01-23 19:17:38,626 [Worker-62] INFO  o.e.m.c.i.l.LifecycleMappingFactory - Using org.eclipse.m2e.jdt.JarLifecycleMapping lifecycle mapping for MavenProject: com.lti:RegisterAndLogin:0.0.1-SNAPSHOT @ C:\Users\lntinfotech\Desktop\banking project\RegisterAndLogin\pom.xml.
2020-01-23 19:17:40,505 [Worker-62] INFO  o.e.m.j.i.AbstractJavaProjectConfigurator - Adding source folder /RegisterAndLogin/src/main/java
2020-01-23 19:17:40,505 [Worker-62] INFO  o.e.m.j.i.AbstractJavaProjectConfigurator - Adding source folder /RegisterAndLogin/src/test/java
2020-01-23 19:17:41,273 [Worker-62] INFO  o.e.m.c.i.p.ProjectConfigurationManager - Update completed: 3 sec
2020-01-23 19:17:44,226 [Worker-66] INFO  o.e.m.c.i.embedder.EclipseLogger - Using 'UTF-8' encoding to copy filtered resources.
2020-01-23 19:17:44,227 [Worker-66] INFO  o.e.m.c.i.embedder.EclipseLogger - skip non existing resourceDirectory C:\Users\lntinfotech\Desktop\banking project\RegisterAndLogin\src\main\resources
2020-01-23 19:17:44,228 [Worker-66] INFO  o.e.m.c.i.embedder.EclipseLogger - Using 'UTF-8' encoding to copy filtered resources.
2020-01-23 19:17:44,228 [Worker-66] INFO  o.e.m.c.i.embedder.EclipseLogger - skip non existing resourceDirectory C:\Users\lntinfotech\Desktop\banking project\RegisterAndLogin\src\test\resources
2020-01-23 19:29:42,467 [Worker-69] INFO  o.e.m.c.i.embedder.EclipseLogger - Using 'UTF-8' encoding to copy filtered resources.
2020-01-23 19:29:42,468 [Worker-69] INFO  o.e.m.c.i.embedder.EclipseLogger - skip non existing resourceDirectory C:\Users\lntinfotech\Desktop\banking project\RegisterAndLogin\src\main\resources
2020-01-23 19:29:42,469 [Worker-69] INFO  o.e.m.c.i.embedder.EclipseLogger - Using 'UTF-8' encoding to copy filtered resources.
2020-01-23 19:29:42,469 [Worker-69] INFO  o.e.m.c.i.embedder.EclipseLogger - skip non existing resourceDirectory C:\Users\lntinfotech\Desktop\banking project\RegisterAndLogin\src\test\resources
2020-01-23 19:49:34,176 [Worker-67] INFO  o.e.m.c.i.embedder.EclipseLogger - Using 'UTF-8' encoding to copy filtered resources.
2020-01-23 19:49:34,176 [Worker-67] INFO  o.e.m.c.i.embedder.EclipseLogger - skip non existing resourceDirectory C:\Users\lntinfotech\Desktop\banking project\RegisterAndLogin\src\main\resources
2020-01-23 19:49:34,177 [Worker-67] INFO  o.e.m.c.i.embedder.EclipseLogger - Using 'UTF-8' encoding to copy filtered resources.
2020-01-23 19:49:34,177 [Worker-67] INFO  o.e.m.c.i.embedder.EclipseLogger - skip non existing resourceDirectory C:\Users\lntinfotech\Desktop\banking project\RegisterAndLogin\src\test\resources
2020-01-23 19:49:45,360 [Worker-74] INFO  o.e.m.c.i.embedder.EclipseLogger - Using 'UTF-8' encoding to copy filtered resources.
2020-01-23 19:49:45,360 [Worker-74] INFO  o.e.m.c.i.embedder.EclipseLogger - skip non existing resourceDirectory C:\Users\lntinfotech\Desktop\banking project\RegisterAndLogin\src\main\resources
2020-01-23 19:49:45,361 [Worker-74] INFO  o.e.m.c.i.embedder.EclipseLogger - Using 'UTF-8' encoding to copy filtered resources.
2020-01-23 19:49:45,361 [Worker-74] INFO  o.e.m.c.i.embedder.EclipseLogger - skip non existing resourceDirectory C:\Users\lntinfotech\Desktop\banking project\RegisterAndLogin\src\test\resources
2020-01-23 19:50:15,212 [Worker-72] INFO  o.e.m.c.i.embedder.EclipseLogger - Using 'UTF-8' encoding to copy filtered resources.
2020-01-23 19:50:15,213 [Worker-72] INFO  o.e.m.c.i.embedder.EclipseLogger - skip non existing resourceDirectory C:\Users\lntinfotech\Desktop\banking project\RegisterAndLogin\src\main\resources
2020-01-23 19:50:15,213 [Worker-72] INFO  o.e.m.c.i.embedder.EclipseLogger - Using 'UTF-8' encoding to copy filtered resources.
2020-01-23 19:50:15,213 [Worker-72] INFO  o.e.m.c.i.embedder.EclipseLogger - skip non existing resourceDirectory C:\Users\lntinfotech\Desktop\banking project\RegisterAndLogin\src\test\resources
2020-01-24 10:20:28,044 [Worker-15] INFO  o.e.m.c.i.embedder.EclipseLogger - Using 'UTF-8' encoding to copy filtered resources.
2020-01-24 10:20:28,048 [Worker-15] INFO  o.e.m.c.i.embedder.EclipseLogger - skip non existing resourceDirectory C:\Users\lntinfotech\Desktop\banking project\RegisterAndLogin\src\main\resources
2020-01-24 10:20:28,050 [Worker-15] INFO  o.e.m.c.i.embedder.EclipseLogger - Using 'UTF-8' encoding to copy filtered resources.
2020-01-24 10:20:28,050 [Worker-15] INFO  o.e.m.c.i.embedder.EclipseLogger - skip non existing resourceDirectory C:\Users\lntinfotech\Desktop\banking project\RegisterAndLogin\src\test\resources
2020-01-24 10:20:37,116 [Worker-4] INFO  o.e.m.c.i.embedder.EclipseLogger - Using 'UTF-8' encoding to copy filtered resources.
2020-01-24 10:20:37,116 [Worker-4] INFO  o.e.m.c.i.embedder.EclipseLogger - skip non existing resourceDirectory C:\Users\lntinfotech\Desktop\banking project\SpringBootStudentFinal\src\main\resources
2020-01-24 10:20:37,118 [Worker-4] INFO  o.e.m.c.i.embedder.EclipseLogger - Using 'UTF-8' encoding to copy filtered resources.
2020-01-24 10:20:37,118 [Worker-4] INFO  o.e.m.c.i.embedder.EclipseLogger - skip non existing resourceDirectory C:\Users\lntinfotech\Desktop\banking project\SpringBootStudentFinal\src\test\resources
2020-01-24 12:14:59,285 [Worker-46] INFO  o.e.m.c.i.l.LifecycleMappingFactory - Using org.eclipse.m2e.jdt.JarLifecycleMapping lifecycle mapping for MavenProject: com.lti:SpringBootSt:0.0.1-SNAPSHOT @ C:\Users\lntinfotech\Desktop\BANK-REGISTRATION\pom.xml.
2020-01-24 12:15:04,602 [Worker-46] INFO  o.e.m.j.i.AbstractJavaProjectConfigurator - Adding source folder /SpringBootSt/src/main/java
2020-01-24 12:15:04,603 [Worker-46] INFO  o.e.m.j.i.AbstractJavaProjectConfigurator - Adding source folder /SpringBootSt/src/test/java
2020-01-24 12:15:05,484 [Worker-46] INFO  o.e.m.c.i.p.ProjectConfigurationManager - Imported and configured 1 project(s) in 9 sec
2020-01-24 12:15:10,252 [Worker-47] INFO  o.e.m.c.i.embedder.EclipseLogger - Using 'UTF-8' encoding to copy filtered resources.
2020-01-24 12:15:10,252 [Worker-47] INFO  o.e.m.c.i.embedder.EclipseLogger - skip non existing resourceDirectory C:\Users\lntinfotech\Desktop\BANK-REGISTRATION\src\main\resources
2020-01-24 12:15:10,254 [Worker-47] INFO  o.e.m.c.i.embedder.EclipseLogger - Using 'UTF-8' encoding to copy filtered resources.
2020-01-24 12:15:10,254 [Worker-47] INFO  o.e.m.c.i.embedder.EclipseLogger - skip non existing resourceDirectory C:\Users\lntinfotech\Desktop\BANK-REGISTRATION\src\test\resources
2020-01-24 16:43:37,538 [Worker-10] INFO  o.e.m.c.i.embedder.EclipseLogger - Using 'UTF-8' encoding to copy filtered resources.
2020-01-24 16:43:37,559 [Worker-10] INFO  o.e.m.c.i.embedder.EclipseLogger - skip non existing resourceDirectory C:\Users\lntinfotech\Desktop\banking project\RegisterAndLogin\src\main\resources
2020-01-24 16:43:37,561 [Worker-10] INFO  o.e.m.c.i.embedder.EclipseLogger - Using 'UTF-8' encoding to copy filtered resources.
2020-01-24 16:43:37,562 [Worker-10] INFO  o.e.m.c.i.embedder.EclipseLogger - skip non existing resourceDirectory C:\Users\lntinfotech\Desktop\banking project\RegisterAndLogin\src\test\resources
2020-01-24 16:43:43,655 [Worker-12] INFO  o.e.m.c.i.embedder.EclipseLogger - Using 'UTF-8' encoding to copy filtered resources.
2020-01-24 16:43:43,656 [Worker-12] INFO  o.e.m.c.i.embedder.EclipseLogger - skip non existing resourceDirectory C:\Users\lntinfotech\Desktop\banking project\SpringBootStudentFinal\src\main\resources
2020-01-24 16:43:43,657 [Worker-12] INFO  o.e.m.c.i.embedder.EclipseLogger - Using 'UTF-8' encoding to copy filtered resources.
2020-01-24 16:43:43,658 [Worker-12] INFO  o.e.m.c.i.embedder.EclipseLogger - skip non existing resourceDirectory C:\Users\lntinfotech\Desktop\banking project\SpringBootStudentFinal\src\test\resources
